<?xml version="1.0" encoding="UTF-8"?>
<!-- Generated by org.testng.reporters.JUnitXMLReporter -->
<testsuite ignored="0" hostname="DESKTOP-MHFKFPH" failures="0" tests="5" name="Default test" time="30.532" errors="0" timestamp="2020-12-28T23:03:50 EET">
  <testcase classname="com.google.selenium.test.AirbnbSearchValidation" name="search" time="3.206"/>
  <testcase classname="com.google.selenium.test.AirbnbSearchValidation" name="checkDates" time="2.225"/>
  <testcase classname="com.google.selenium.test.AirbnbSearchValidation" name="checkLocation" time="0.61"/>
  <testcase classname="com.google.selenium.test.AirbnbSearchValidation" name="checkNumberOfGuestsForAllResults" time="3.303"/>
  <testcase classname="com.google.selenium.test.AirbnbSearchValidation" name="checkNumberofGuests" time="0.068"/>
</testsuite> <!-- Default test -->
