<?xml version="1.0" encoding="UTF-8"?>
<!-- Generated by org.testng.reporters.JUnitXMLReporter -->
<testsuite ignored="0" hostname="DESKTOP-MHFKFPH" failures="0" tests="3" name="Airbnb Extra Search test" time="28.111" errors="0" timestamp="2020-12-28T01:43:47 EET">
  <testcase classname="com.google.selenium.test.AirbnbExtraSearchValidation" name="search" time="3.626"/>
  <testcase classname="com.google.selenium.test.AirbnbExtraSearchValidation" name="moreFilters" time="5.734"/>
  <testcase classname="com.google.selenium.test.AirbnbExtraSearchValidation" name="checkNumberOfBedroomsForAllResults" time="4.521"/>
</testsuite> <!-- Airbnb Extra Search test -->
