<?xml version="1.0" encoding="UTF-8"?>
<!-- Generated by org.testng.reporters.JUnitXMLReporter -->
<testsuite ignored="0" hostname="DESKTOP-MHFKFPH" failures="0" tests="2" name="Airbnb Map test" time="22.3" errors="0" timestamp="2020-12-28T01:44:09 EET">
  <testcase classname="com.google.selenium.test.AirbnbMapValidation" name="search" time="3.308"/>
  <testcase classname="com.google.selenium.test.AirbnbMapValidation" name="validateItemOnMap" time="5.303"/>
</testsuite> <!-- Airbnb Map test -->
