<?xml version="1.0" encoding="UTF-8"?>
<!-- Generated by org.testng.reporters.JUnitXMLReporter -->
<testsuite ignored="0" hostname="DESKTOP-MHFKFPH" failures="0" tests="5" name="Airbnb Search test" time="24.005" errors="0" timestamp="2020-12-28T01:43:19 EET">
  <testcase classname="com.google.selenium.test.AirbnbSearchValidation" name="search" time="4.692"/>
  <testcase classname="com.google.selenium.test.AirbnbSearchValidation" name="checkDates" time="1.266"/>
  <testcase classname="com.google.selenium.test.AirbnbSearchValidation" name="checkLocation" time="1.08"/>
  <testcase classname="com.google.selenium.test.AirbnbSearchValidation" name="checkNumberOfGuestsForAllResults" time="3.04"/>
  <testcase classname="com.google.selenium.test.AirbnbSearchValidation" name="checkNumberofGuests" time="0.045"/>
</testsuite> <!-- Airbnb Search test -->
