<?xml version="1.0" encoding="UTF-8"?>
<testng-results ignored="0" total="5" passed="5" failed="0" skipped="0">
  <reporter-output>
  </reporter-output>
  <suite started-at="2020-12-28T23:03:20 EET" name="Default suite" finished-at="2020-12-28T23:03:50 EET" duration-ms="30532">
    <groups>
    </groups>
    <test started-at="2020-12-28T23:03:20 EET" name="Default test" finished-at="2020-12-28T23:03:50 EET" duration-ms="30532">
      <class name="com.google.selenium.test.AirbnbSearchValidation">
        <test-method is-config="true" signature="beforeTest()[pri:0, instance:com.google.selenium.test.AirbnbSearchValidation@309e345f]" started-at="2020-12-28T23:03:20 EET" name="beforeTest" finished-at="2020-12-28T23:03:38 EET" duration-ms="17882" status="PASS">
          <reporter-output>
          </reporter-output>
        </test-method> <!-- beforeTest -->
        <test-method signature="search(java.lang.String, java.lang.String, java.lang.String)[pri:0, instance:com.google.selenium.test.AirbnbSearchValidation@309e345f]" started-at="2020-12-28T23:03:39 EET" name="search" data-provider="dp" finished-at="2020-12-28T23:03:42 EET" duration-ms="3206" status="PASS">
          <params>
            <param index="0">
              <value>
                <![CDATA[Rome, Italy]]>
              </value>
            </param>
            <param index="1">
              <value>
                <![CDATA[7]]>
              </value>
            </param>
            <param index="2">
              <value>
                <![CDATA[7]]>
              </value>
            </param>
          </params>
          <reporter-output>
          </reporter-output>
        </test-method> <!-- search -->
        <test-method signature="checkDates()[pri:0, instance:com.google.selenium.test.AirbnbSearchValidation@309e345f]" started-at="2020-12-28T23:03:42 EET" name="checkDates" finished-at="2020-12-28T23:03:44 EET" depends-on-methods="com.google.selenium.test.AirbnbSearchValidation.search" duration-ms="2225" status="PASS">
          <reporter-output>
          </reporter-output>
        </test-method> <!-- checkDates -->
        <test-method signature="checkLocation()[pri:0, instance:com.google.selenium.test.AirbnbSearchValidation@309e345f]" started-at="2020-12-28T23:03:44 EET" name="checkLocation" finished-at="2020-12-28T23:03:45 EET" depends-on-methods="com.google.selenium.test.AirbnbSearchValidation.search" duration-ms="610" status="PASS">
          <reporter-output>
          </reporter-output>
        </test-method> <!-- checkLocation -->
        <test-method signature="checkNumberOfGuestsForAllResults()[pri:0, instance:com.google.selenium.test.AirbnbSearchValidation@309e345f]" started-at="2020-12-28T23:03:45 EET" name="checkNumberOfGuestsForAllResults" finished-at="2020-12-28T23:03:48 EET" depends-on-methods="com.google.selenium.test.AirbnbSearchValidation.search" duration-ms="3303" status="PASS">
          <reporter-output>
          </reporter-output>
        </test-method> <!-- checkNumberOfGuestsForAllResults -->
        <test-method signature="checkNumberofGuests()[pri:0, instance:com.google.selenium.test.AirbnbSearchValidation@309e345f]" started-at="2020-12-28T23:03:48 EET" name="checkNumberofGuests" finished-at="2020-12-28T23:03:48 EET" depends-on-methods="com.google.selenium.test.AirbnbSearchValidation.search" duration-ms="68" status="PASS">
          <reporter-output>
          </reporter-output>
        </test-method> <!-- checkNumberofGuests -->
        <test-method is-config="true" signature="afterTest()[pri:0, instance:com.google.selenium.test.AirbnbSearchValidation@309e345f]" started-at="2020-12-28T23:03:48 EET" name="afterTest" finished-at="2020-12-28T23:03:50 EET" duration-ms="2012" status="PASS">
          <reporter-output>
          </reporter-output>
        </test-method> <!-- afterTest -->
      </class> <!-- com.google.selenium.test.AirbnbSearchValidation -->
    </test> <!-- Default test -->
  </suite> <!-- Default suite -->
</testng-results>
